0 info it worked if it ends with ok
1 verbose cli [ '/Users/sysroot/.nvm/versions/node/v6.17.1/bin/node',
1 verbose cli   '/Users/sysroot/.nvm/versions/node/v6.17.1/bin/npm',
1 verbose cli   'start' ]
2 info using npm@3.10.10
3 info using node@v6.17.1
4 verbose run-script [ 'prestart', 'start', 'poststart' ]
5 info lifecycle startbootstrap-sb-admin-2@4.1.1~prestart: startbootstrap-sb-admin-2@4.1.1
6 silly lifecycle startbootstrap-sb-admin-2@4.1.1~prestart: no script for prestart, continuing
7 info lifecycle startbootstrap-sb-admin-2@4.1.1~start: startbootstrap-sb-admin-2@4.1.1
8 verbose lifecycle startbootstrap-sb-admin-2@4.1.1~start: unsafe-perm in lifecycle true
9 verbose lifecycle startbootstrap-sb-admin-2@4.1.1~start: PATH: /Users/sysroot/.nvm/versions/node/v6.17.1/lib/node_modules/npm/bin/node-gyp-bin:/Users/sysroot/github/stationx/stationxapp.github.io/node_modules/.bin:/Users/sysroot/.nvm/versions/node/v6.17.1/bin:/Users/sysroot/.cargo/bin:/Users/sysroot/.rvm/gems/ruby-2.4.1/bin:/Users/sysroot/.rvm/gems/ruby-2.4.1@global/bin:/Users/sysroot/.rvm/rubies/ruby-2.4.1/bin:/opt/local/bin:/opt/local/sbin:/Users/sysroot/.sdkman/candidates/lazybones/current/bin:/Users/sysroot/.sdkman/candidates/groovy/current/bin:/Users/sysroot/.sdkman/candidates/gradle/current/bin:/usr/local/sbin:/usr/local/bin:/Users/sysroot/opt/maven/bin:/Library/Java/JavaVirtualMachines/jdk1.8.0_172.jdk/Contents/Home/bin:/Users/sysroot/opt/ant/bin:/usr/local/mysql/bin:/usr/local/Cellar/go/1.9.2/bin:/Users/sysroot/opt/mongodb/bin:/Users/sysroot/opt/gradle/bin:/Users/sysroot/opt/scala/bin:/usr/local/Cellar/hadoop/2.6.0/libexec/bin:/Users/sysroot/go/bin:/usr/local/Cellar/postgresql/9.6.4/bin:/usr/local/Cellar/ruby/2.6.4_2/bin:/usr/local/Cellar/qt/5.13.2/bin:/usr/local/Cellar/node/13.6.0/bin:/Users/sysroot/opt/instantclient_11_2:/Applications/Visual Studio Code.app/Contents/Resources/app/bin:/usr/local/bin:/usr/bin:/bin:/usr/sbin:/sbin:/usr/local/go/bin:/Library/TeX/texbin:/usr/local/share/dotnet:/opt/X11/bin:~/.dotnet/tools:/Library/Frameworks/Mono.framework/Versions/Current/Commands:/Applications/Wireshark.app/Contents/MacOS:/Users/sysroot/.rvm/bin
10 verbose lifecycle startbootstrap-sb-admin-2@4.1.1~start: CWD: /Users/sysroot/github/stationx/stationxapp.github.io
11 silly lifecycle startbootstrap-sb-admin-2@4.1.1~start: Args: [ '-c', 'gulp watch' ]
12 silly lifecycle startbootstrap-sb-admin-2@4.1.1~start: Returned: code: 1  signal: null
13 info lifecycle startbootstrap-sb-admin-2@4.1.1~start: Failed to exec start script
14 verbose stack Error: startbootstrap-sb-admin-2@4.1.1 start: `gulp watch`
14 verbose stack Exit status 1
14 verbose stack     at EventEmitter.<anonymous> (/Users/sysroot/.nvm/versions/node/v6.17.1/lib/node_modules/npm/lib/utils/lifecycle.js:255:16)
14 verbose stack     at emitTwo (events.js:106:13)
14 verbose stack     at EventEmitter.emit (events.js:191:7)
14 verbose stack     at ChildProcess.<anonymous> (/Users/sysroot/.nvm/versions/node/v6.17.1/lib/node_modules/npm/lib/utils/spawn.js:40:14)
14 verbose stack     at emitTwo (events.js:106:13)
14 verbose stack     at ChildProcess.emit (events.js:191:7)
14 verbose stack     at maybeClose (internal/child_process.js:920:16)
14 verbose stack     at Process.ChildProcess._handle.onexit (internal/child_process.js:230:5)
15 verbose pkgid startbootstrap-sb-admin-2@4.1.1
16 verbose cwd /Users/sysroot/github/stationx/stationxapp.github.io
17 error Darwin 18.0.0
18 error argv "/Users/sysroot/.nvm/versions/node/v6.17.1/bin/node" "/Users/sysroot/.nvm/versions/node/v6.17.1/bin/npm" "start"
19 error node v6.17.1
20 error npm  v3.10.10
21 error code ELIFECYCLE
22 error startbootstrap-sb-admin-2@4.1.1 start: `gulp watch`
22 error Exit status 1
23 error Failed at the startbootstrap-sb-admin-2@4.1.1 start script 'gulp watch'.
23 error Make sure you have the latest version of node.js and npm installed.
23 error If you do, this is most likely a problem with the startbootstrap-sb-admin-2 package,
23 error not with npm itself.
23 error Tell the author that this fails on your system:
23 error     gulp watch
23 error You can get information on how to open an issue for this project with:
23 error     npm bugs startbootstrap-sb-admin-2
23 error Or if that isn't available, you can get their info via:
23 error     npm owner ls startbootstrap-sb-admin-2
23 error There is likely additional logging output above.
24 verbose exit [ 1, true ]
